Using pre-set license

 COMMAND LINE ARGUMENTS:
/Applications/Unity/Hub/Editor/2020.2.2f1/Unity.app/Contents/MacOS/Unity
-adb2
-batchMode
-noUpm
-name
AssetImportWorker0
-projectPath
/Volumes/FAST SSD/grimaldic/game230/Platformer
-logFile
Logs/AssetImportWorker0.log
-srvPort
50464
Successfully changed project path to: /Volumes/FAST SSD/grimaldic/game230/Platformer
/Volumes/FAST SSD/grimaldic/game230/Platformer
Using Asset Import Pipeline V2.
Refreshing native plugins compatible for Editor in 45.95 ms, found 2 plugins.
Preloading 0 native plugins for Editor in 0.00 ms.
Initialize engine version: 2020.2.2f1 (068178b99f32)
[Subsystems] Discovering subsystems at path /Applications/Unity/Hub/Editor/2020.2.2f1/Unity.app/Contents/Resources/UnitySubsystems
[Subsystems] Discovering subsystems at path /Volumes/FAST SSD/grimaldic/game230/Platformer/Assets
GfxDevice: creating device client; threaded=0
2021-03-10 23:11:12.609 Unity[3651:175820] Color LCD preferred device: Intel(R) Iris(TM) Plus Graphics 655 (low power)
2021-03-10 23:11:12.609 Unity[3651:175820] Metal devices available: 1
2021-03-10 23:11:12.609 Unity[3651:175820] 0: Intel(R) Iris(TM) Plus Graphics 655 (low power)
2021-03-10 23:11:12.609 Unity[3651:175820] Using device Intel(R) Iris(TM) Plus Graphics 655 (low power)
Initializing Metal device caps: Intel(R) Iris(TM) Plus Graphics 655
Initialize mono
Mono path[0] = '/Applications/Unity/Hub/Editor/2020.2.2f1/Unity.app/Contents/Managed'
Mono path[1] = '/Applications/Unity/Hub/Editor/2020.2.2f1/Unity.app/Contents/MonoBleedingEdge/lib/mono/unityjit'
Mono config path = '/Applications/Unity/Hub/Editor/2020.2.2f1/Unity.app/Contents/MonoBleedingEdge/etc'
Using monoOptions --debugger-agent=transport=dt_socket,embedding=1,server=y,suspend=n,address=127.0.0.1:56651
Begin MonoManager ReloadAssembly
Registering precompiled unity dll's ...
Register platform support module: /Applications/Unity/Hub/Editor/2020.2.2f1/PlaybackEngines/WebGLSupport/UnityEditor.WebGL.Extensions.dll
Register platform support module: /Applications/Unity/Hub/Editor/2020.2.2f1/Unity.app/Contents/PlaybackEngines/MacStandaloneSupport/UnityEditor.OSXStandalone.Extensions.dll
Register platform support module: /Applications/Unity/Hub/Editor/2020.2.2f1/PlaybackEngines/WindowsStandaloneSupport/UnityEditor.WindowsStandalone.Extensions.dll
Registered in 0.005768 seconds.
Native extension for WindowsStandalone target not found
Native extension for OSXStandalone target not found
Native extension for WebGL target not found
Refreshing native plugins compatible for Editor in 36.85 ms, found 2 plugins.
Preloading 0 native plugins for Editor in 0.00 ms.
Invoked RoslynAnalysisRunner static constructor.
RoslynAnalysisRunner will not be running.
RoslynAnalysisRunner has terminated.
Mono: successfully reloaded assembly
- Completed reload, in  2.215 seconds
Platform modules already initialized, skipping
Registering precompiled user dll's ...
Registered in 0.002385 seconds.
Begin MonoManager ReloadAssembly
Native extension for WindowsStandalone target not found
Native extension for OSXStandalone target not found
Native extension for WebGL target not found
Refreshing native plugins compatible for Editor in 35.57 ms, found 2 plugins.
Preloading 0 native plugins for Editor in 0.00 ms.
Invoked RoslynAnalysisRunner static constructor.
RoslynAnalysisRunner will not be running.
RoslynAnalysisRunner has terminated.
Mono: successfully reloaded assembly
- Completed reload, in  1.364 seconds
Platform modules already initialized, skipping
========================================================================
Worker process is ready to serve import requests
Launching external process: /Applications/Unity/Hub/Editor/2020.2.2f1/Unity.app/Contents/Tools/UnityShaderCompiler
Launched and connected shader compiler UnityShaderCompiler after 0.02 seconds
Refreshing native plugins compatible for Editor in 0.44 ms, found 2 plugins.
Preloading 0 native plugins for Editor in 0.00 ms.
Unloading 1964 Unused Serialized files (Serialized files now loaded: 0)
System memory in use before: 152.4 MB.
System memory in use after: 152.5 MB.

Unloading 20 unused Assets to reduce memory usage. Loaded Objects now: 2410.
Total: 3.164855 ms (FindLiveObjects: 0.403887 ms CreateObjectMapping: 0.181678 ms MarkObjects: 2.492717 ms  DeleteObjects: 0.085169 ms)

========================================================================
Received Import Request.
  path: Assets/Scenes/Start.unity
  artifactKey: Guid(f6cae6f7a255f496382ecf479d662523) Importer(815301076,1909f56bfc062723c751e8b465ee728b)
Start importing Assets/Scenes/Start.unity using Guid(f6cae6f7a255f496382ecf479d662523) Importer(815301076,1909f56bfc062723c751e8b465ee728b)  -> (artifact id: '1829fd4879f23551fcc3cd0aeb8e613f') in 0.014727 seconds
  Import took 0.021441 seconds .

========================================================================
Received Import Request.
  Time since last request: 3877.002100 seconds.
  path: Assets/Scenes/level 2.unity
  artifactKey: Guid(923be9b03d3ba45b0847a00a7af8b596) Importer(815301076,1909f56bfc062723c751e8b465ee728b)
Start importing Assets/Scenes/level 2.unity using Guid(923be9b03d3ba45b0847a00a7af8b596) Importer(815301076,1909f56bfc062723c751e8b465ee728b)  -> (artifact id: 'c89fd1dbc859154e2e79b10408d64cd0') in 0.007447 seconds
  Import took 0.018969 seconds .

========================================================================
Received Import Request.
  Time since last request: 3058.412070 seconds.
  path: Assets/Scenes/level 2.unity
  artifactKey: Guid(923be9b03d3ba45b0847a00a7af8b596) Importer(815301076,1909f56bfc062723c751e8b465ee728b)
Start importing Assets/Scenes/level 2.unity using Guid(923be9b03d3ba45b0847a00a7af8b596) Importer(815301076,1909f56bfc062723c751e8b465ee728b)  -> (artifact id: '2a2b31c9e84b2bdf73d27debbe28afb3') in 0.003270 seconds
  Import took 0.008046 seconds .

========================================================================
Received Import Request.
  Time since last request: 3481.262330 seconds.
  path: Assets/Scenes/level 1.unity
  artifactKey: Guid(a5a54d005078849988be6784978d3005) Importer(815301076,1909f56bfc062723c751e8b465ee728b)
Start importing Assets/Scenes/level 1.unity using Guid(a5a54d005078849988be6784978d3005) Importer(815301076,1909f56bfc062723c751e8b465ee728b)  -> (artifact id: '9a0f52bd86105b4f1de1daf1b7d94906') in 0.025500 seconds
  Import took 0.094100 seconds .

========================================================================
Received Import Request.
  Time since last request: 160.167292 seconds.
  path: Assets/Scenes/Start.unity
  artifactKey: Guid(f6cae6f7a255f496382ecf479d662523) Importer(815301076,1909f56bfc062723c751e8b465ee728b)
Start importing Assets/Scenes/Start.unity using Guid(f6cae6f7a255f496382ecf479d662523) Importer(815301076,1909f56bfc062723c751e8b465ee728b)  -> (artifact id: '6f9854e6240c2ef28ce46b235bdf646e') in 0.004044 seconds
  Import took 0.031183 seconds .

========================================================================
Received Import Request.
  Time since last request: 3.388738 seconds.
  path: Assets/Scenes/level 1.unity
  artifactKey: Guid(a5a54d005078849988be6784978d3005) Importer(815301076,1909f56bfc062723c751e8b465ee728b)
Start importing Assets/Scenes/level 1.unity using Guid(a5a54d005078849988be6784978d3005) Importer(815301076,1909f56bfc062723c751e8b465ee728b)  -> (artifact id: '928ae8a28e17b9d468b9635e78ef93d9') in 0.004070 seconds
  Import took 0.008050 seconds .

========================================================================
Received Prepare
Registering precompiled user dll's ...
Registered in 0.000767 seconds.
Begin MonoManager ReloadAssembly
Native extension for WindowsStandalone target not found
Native extension for OSXStandalone target not found
Native extension for WebGL target not found
Refreshing native plugins compatible for Editor in 0.38 ms, found 2 plugins.
Preloading 0 native plugins for Editor in 0.00 ms.
Invoked RoslynAnalysisRunner static constructor.
RoslynAnalysisRunner will not be running.
RoslynAnalysisRunner has terminated.
Mono: successfully reloaded assembly
- Completed reload, in  1.139 seconds
Platform modules already initialized, skipping
Refreshing native plugins compatible for Editor in 0.41 ms, found 2 plugins.
Preloading 0 native plugins for Editor in 0.00 ms.
Unloading 1952 Unused Serialized files (Serialized files now loaded: 0)
System memory in use before: 192.2 MB.
System memory in use after: 192.3 MB.

Unloading 8 unused Assets to reduce memory usage. Loaded Objects now: 2413.
Total: 2.097952 ms (FindLiveObjects: 0.349166 ms CreateObjectMapping: 0.084028 ms MarkObjects: 1.644381 ms  DeleteObjects: 0.019623 ms)

========================================================================
Received Prepare
Registering precompiled user dll's ...
Registered in 0.000690 seconds.
Begin MonoManager ReloadAssembly
Native extension for WindowsStandalone target not found
Native extension for OSXStandalone target not found
Native extension for WebGL target not found
Refreshing native plugins compatible for Editor in 0.37 ms, found 2 plugins.
Preloading 0 native plugins for Editor in 0.00 ms.
Invoked RoslynAnalysisRunner static constructor.
RoslynAnalysisRunner will not be running.
RoslynAnalysisRunner has terminated.
Mono: successfully reloaded assembly
- Completed reload, in  0.970 seconds
Platform modules already initialized, skipping
Refreshing native plugins compatible for Editor in 0.40 ms, found 2 plugins.
Preloading 0 native plugins for Editor in 0.00 ms.
Unloading 1952 Unused Serialized files (Serialized files now loaded: 0)
System memory in use before: 192.6 MB.
System memory in use after: 192.7 MB.

Unloading 8 unused Assets to reduce memory usage. Loaded Objects now: 2416.
Total: 2.107826 ms (FindLiveObjects: 0.296078 ms CreateObjectMapping: 0.074086 ms MarkObjects: 1.715368 ms  DeleteObjects: 0.021261 ms)

========================================================================
Received Prepare
Registering precompiled user dll's ...
Registered in 0.000682 seconds.
Begin MonoManager ReloadAssembly
Native extension for WindowsStandalone target not found
Native extension for OSXStandalone target not found
Native extension for WebGL target not found
Refreshing native plugins compatible for Editor in 0.43 ms, found 2 plugins.
Preloading 0 native plugins for Editor in 0.00 ms.
Invoked RoslynAnalysisRunner static constructor.
RoslynAnalysisRunner will not be running.
RoslynAnalysisRunner has terminated.
Mono: successfully reloaded assembly
- Completed reload, in  1.087 seconds
Platform modules already initialized, skipping
Refreshing native plugins compatible for Editor in 0.42 ms, found 2 plugins.
Preloading 0 native plugins for Editor in 0.00 ms.
Unloading 1952 Unused Serialized files (Serialized files now loaded: 0)
System memory in use before: 193.0 MB.
System memory in use after: 193.1 MB.

Unloading 8 unused Assets to reduce memory usage. Loaded Objects now: 2419.
Total: 2.099627 ms (FindLiveObjects: 0.207353 ms CreateObjectMapping: 0.181805 ms MarkObjects: 1.688799 ms  DeleteObjects: 0.020709 ms)

========================================================================
Received Prepare
Registering precompiled user dll's ...
Registered in 0.000642 seconds.
Begin MonoManager ReloadAssembly
Native extension for WindowsStandalone target not found
Native extension for OSXStandalone target not found
Native extension for WebGL target not found
Refreshing native plugins compatible for Editor in 0.40 ms, found 2 plugins.
Preloading 0 native plugins for Editor in 0.00 ms.
Invoked RoslynAnalysisRunner static constructor.
RoslynAnalysisRunner will not be running.
RoslynAnalysisRunner has terminated.
Mono: successfully reloaded assembly
- Completed reload, in  0.991 seconds
Platform modules already initialized, skipping
Refreshing native plugins compatible for Editor in 0.32 ms, found 2 plugins.
Preloading 0 native plugins for Editor in 0.00 ms.
Unloading 1952 Unused Serialized files (Serialized files now loaded: 0)
System memory in use before: 193.3 MB.
System memory in use after: 193.4 MB.

Unloading 8 unused Assets to reduce memory usage. Loaded Objects now: 2422.
Total: 2.839275 ms (FindLiveObjects: 0.375525 ms CreateObjectMapping: 0.148718 ms MarkObjects: 2.272704 ms  DeleteObjects: 0.041324 ms)

========================================================================
Received Prepare
Registering precompiled user dll's ...
Registered in 0.002577 seconds.
Begin MonoManager ReloadAssembly
Native extension for WindowsStandalone target not found
Native extension for OSXStandalone target not found
Native extension for WebGL target not found
Refreshing native plugins compatible for Editor in 0.41 ms, found 2 plugins.
Preloading 0 native plugins for Editor in 0.00 ms.
Invoked RoslynAnalysisRunner static constructor.
RoslynAnalysisRunner will not be running.
RoslynAnalysisRunner has terminated.
Mono: successfully reloaded assembly
- Completed reload, in  1.374 seconds
Platform modules already initialized, skipping
Refreshing native plugins compatible for Editor in 0.52 ms, found 2 plugins.
Preloading 0 native plugins for Editor in 0.00 ms.
Unloading 1952 Unused Serialized files (Serialized files now loaded: 0)
System memory in use before: 193.7 MB.
System memory in use after: 193.8 MB.

Unloading 8 unused Assets to reduce memory usage. Loaded Objects now: 2425.
Total: 3.194976 ms (FindLiveObjects: 0.471487 ms CreateObjectMapping: 0.163418 ms MarkObjects: 2.520907 ms  DeleteObjects: 0.036945 ms)

========================================================================
Received Import Request.
  Time since last request: 2634.592584 seconds.
  path: ProjectSettings/TagManager.asset
  artifactKey: Guid(00000000000000003000000000000000) Importer(815301076,1909f56bfc062723c751e8b465ee728b)
Start importing ProjectSettings/TagManager.asset using Guid(00000000000000003000000000000000) Importer(815301076,1909f56bfc062723c751e8b465ee728b)  -> (artifact id: '907579b449c17d6891ef5dc23eefc30c') in 1.417369 seconds
  Import took 1.425021 seconds .

========================================================================
Received Prepare
Registering precompiled user dll's ...
Registered in 0.000565 seconds.
Begin MonoManager ReloadAssembly
Native extension for WindowsStandalone target not found
Native extension for OSXStandalone target not found
Native extension for WebGL target not found
Refreshing native plugins compatible for Editor in 0.40 ms, found 2 plugins.
Preloading 0 native plugins for Editor in 0.00 ms.
Invoked RoslynAnalysisRunner static constructor.
RoslynAnalysisRunner will not be running.
RoslynAnalysisRunner has terminated.
Mono: successfully reloaded assembly
- Completed reload, in  1.014 seconds
Platform modules already initialized, skipping
Refreshing native plugins compatible for Editor in 0.41 ms, found 2 plugins.
Preloading 0 native plugins for Editor in 0.00 ms.
Unloading 1952 Unused Serialized files (Serialized files now loaded: 0)
System memory in use before: 198.3 MB.
System memory in use after: 198.4 MB.

Unloading 9 unused Assets to reduce memory usage. Loaded Objects now: 2428.
Total: 2.113660 ms (FindLiveObjects: 0.325941 ms CreateObjectMapping: 0.091472 ms MarkObjects: 1.669995 ms  DeleteObjects: 0.025253 ms)

========================================================================
Received Prepare
Registering precompiled user dll's ...
Registered in 0.001990 seconds.
Begin MonoManager ReloadAssembly
Native extension for WindowsStandalone target not found
Native extension for OSXStandalone target not found
Native extension for WebGL target not found
Refreshing native plugins compatible for Editor in 1.64 ms, found 2 plugins.
Preloading 0 native plugins for Editor in 0.00 ms.
Invoked RoslynAnalysisRunner static constructor.
RoslynAnalysisRunner will not be running.
RoslynAnalysisRunner has terminated.
Mono: successfully reloaded assembly
- Completed reload, in  1.294 seconds
Platform modules already initialized, skipping
Refreshing native plugins compatible for Editor in 0.39 ms, found 2 plugins.
Preloading 0 native plugins for Editor in 0.00 ms.
Unloading 1952 Unused Serialized files (Serialized files now loaded: 0)
System memory in use before: 198.7 MB.
System memory in use after: 198.8 MB.

Unloading 8 unused Assets to reduce memory usage. Loaded Objects now: 2431.
Total: 2.433971 ms (FindLiveObjects: 0.516797 ms CreateObjectMapping: 0.190590 ms MarkObjects: 1.691465 ms  DeleteObjects: 0.033162 ms)

========================================================================
Received Prepare
Registering precompiled user dll's ...
Registered in 0.000595 seconds.
Begin MonoManager ReloadAssembly
Native extension for WindowsStandalone target not found
Native extension for OSXStandalone target not found
Native extension for WebGL target not found
Refreshing native plugins compatible for Editor in 0.43 ms, found 2 plugins.
Preloading 0 native plugins for Editor in 0.00 ms.
Invoked RoslynAnalysisRunner static constructor.
RoslynAnalysisRunner will not be running.
RoslynAnalysisRunner has terminated.
Mono: successfully reloaded assembly
- Completed reload, in  0.966 seconds
Platform modules already initialized, skipping
Refreshing native plugins compatible for Editor in 0.31 ms, found 2 plugins.
Preloading 0 native plugins for Editor in 0.00 ms.
Unloading 1952 Unused Serialized files (Serialized files now loaded: 0)
System memory in use before: 199.1 MB.
System memory in use after: 199.2 MB.

Unloading 8 unused Assets to reduce memory usage. Loaded Objects now: 2434.
Total: 1.904099 ms (FindLiveObjects: 0.286413 ms CreateObjectMapping: 0.065012 ms MarkObjects: 1.519767 ms  DeleteObjects: 0.031987 ms)

========================================================================
Received Prepare
Registering precompiled user dll's ...
Registered in 0.000636 seconds.
Begin MonoManager ReloadAssembly
Native extension for WindowsStandalone target not found
Native extension for OSXStandalone target not found
Native extension for WebGL target not found
Refreshing native plugins compatible for Editor in 0.37 ms, found 2 plugins.
Preloading 0 native plugins for Editor in 0.00 ms.
Invoked RoslynAnalysisRunner static constructor.
RoslynAnalysisRunner will not be running.
RoslynAnalysisRunner has terminated.
Mono: successfully reloaded assembly
- Completed reload, in  0.946 seconds
Platform modules already initialized, skipping
Refreshing native plugins compatible for Editor in 0.41 ms, found 2 plugins.
Preloading 0 native plugins for Editor in 0.00 ms.
Unloading 1952 Unused Serialized files (Serialized files now loaded: 0)
System memory in use before: 199.5 MB.
System memory in use after: 199.6 MB.

Unloading 8 unused Assets to reduce memory usage. Loaded Objects now: 2437.
Total: 2.042538 ms (FindLiveObjects: 0.305165 ms CreateObjectMapping: 0.070219 ms MarkObjects: 1.651290 ms  DeleteObjects: 0.014879 ms)

========================================================================
Received Prepare
Registering precompiled user dll's ...
Registered in 0.000875 seconds.
Begin MonoManager ReloadAssembly
Native extension for WindowsStandalone target not found
Native extension for OSXStandalone target not found
Native extension for WebGL target not found
Refreshing native plugins compatible for Editor in 0.44 ms, found 2 plugins.
Preloading 0 native plugins for Editor in 0.00 ms.
Invoked RoslynAnalysisRunner static constructor.
RoslynAnalysisRunner will not be running.
RoslynAnalysisRunner has terminated.
Mono: successfully reloaded assembly
- Completed reload, in  1.048 seconds
Platform modules already initialized, skipping
Refreshing native plugins compatible for Editor in 0.31 ms, found 2 plugins.
Preloading 0 native plugins for Editor in 0.00 ms.
Unloading 1952 Unused Serialized files (Serialized files now loaded: 0)
System memory in use before: 199.9 MB.
System memory in use after: 200.0 MB.

Unloading 8 unused Assets to reduce memory usage. Loaded Objects now: 2440.
Total: 2.292774 ms (FindLiveObjects: 0.399436 ms CreateObjectMapping: 0.151184 ms MarkObjects: 1.724431 ms  DeleteObjects: 0.016405 ms)

========================================================================
Received Prepare
Registering precompiled user dll's ...
Registered in 0.000755 seconds.
Begin MonoManager ReloadAssembly
Native extension for WindowsStandalone target not found
Native extension for OSXStandalone target not found
Native extension for WebGL target not found
Refreshing native plugins compatible for Editor in 0.38 ms, found 2 plugins.
Preloading 0 native plugins for Editor in 0.00 ms.
Invoked RoslynAnalysisRunner static constructor.
RoslynAnalysisRunner will not be running.
RoslynAnalysisRunner has terminated.
Mono: successfully reloaded assembly
- Completed reload, in  0.992 seconds
Platform modules already initialized, skipping
Refreshing native plugins compatible for Editor in 0.74 ms, found 2 plugins.
Preloading 0 native plugins for Editor in 0.00 ms.
Unloading 1952 Unused Serialized files (Serialized files now loaded: 0)
System memory in use before: 200.2 MB.
System memory in use after: 200.3 MB.

Unloading 8 unused Assets to reduce memory usage. Loaded Objects now: 2443.
Total: 2.213849 ms (FindLiveObjects: 0.329932 ms CreateObjectMapping: 0.088694 ms MarkObjects: 1.776486 ms  DeleteObjects: 0.017150 ms)

========================================================================
Received Prepare
Registering precompiled user dll's ...
Registered in 0.002855 seconds.
Begin MonoManager ReloadAssembly
Native extension for WindowsStandalone target not found
Native extension for OSXStandalone target not found
Native extension for WebGL target not found
Refreshing native plugins compatible for Editor in 0.39 ms, found 2 plugins.
Preloading 0 native plugins for Editor in 0.00 ms.
Invoked RoslynAnalysisRunner static constructor.
RoslynAnalysisRunner will not be running.
RoslynAnalysisRunner has terminated.
Mono: successfully reloaded assembly
- Completed reload, in  0.968 seconds
Platform modules already initialized, skipping
Refreshing native plugins compatible for Editor in 0.41 ms, found 2 plugins.
Preloading 0 native plugins for Editor in 0.00 ms.
Unloading 1952 Unused Serialized files (Serialized files now loaded: 0)
System memory in use before: 200.5 MB.
System memory in use after: 200.6 MB.

Unloading 8 unused Assets to reduce memory usage. Loaded Objects now: 2446.
Total: 2.232104 ms (FindLiveObjects: 0.222741 ms CreateObjectMapping: 0.079149 ms MarkObjects: 1.911819 ms  DeleteObjects: 0.017243 ms)

========================================================================
Received Prepare
Registering precompiled user dll's ...
Registered in 0.000708 seconds.
Begin MonoManager ReloadAssembly
Native extension for WindowsStandalone target not found
Native extension for OSXStandalone target not found
Native extension for WebGL target not found
Refreshing native plugins compatible for Editor in 0.41 ms, found 2 plugins.
Preloading 0 native plugins for Editor in 0.00 ms.
Invoked RoslynAnalysisRunner static constructor.
RoslynAnalysisRunner will not be running.
RoslynAnalysisRunner has terminated.
Mono: successfully reloaded assembly
- Completed reload, in  0.970 seconds
Platform modules already initialized, skipping
Refreshing native plugins compatible for Editor in 0.50 ms, found 2 plugins.
Preloading 0 native plugins for Editor in 0.00 ms.
Unloading 1952 Unused Serialized files (Serialized files now loaded: 0)
System memory in use before: 200.8 MB.
System memory in use after: 200.9 MB.

Unloading 8 unused Assets to reduce memory usage. Loaded Objects now: 2449.
Total: 1.930359 ms (FindLiveObjects: 0.211500 ms CreateObjectMapping: 0.071465 ms MarkObjects: 1.630608 ms  DeleteObjects: 0.015784 ms)

========================================================================
Received Prepare
Registering precompiled user dll's ...
Registered in 0.002389 seconds.
Begin MonoManager ReloadAssembly
Native extension for WindowsStandalone target not found
Native extension for OSXStandalone target not found
Native extension for WebGL target not found
Refreshing native plugins compatible for Editor in 0.39 ms, found 2 plugins.
Preloading 0 native plugins for Editor in 0.00 ms.
Invoked RoslynAnalysisRunner static constructor.
RoslynAnalysisRunner will not be running.
RoslynAnalysisRunner has terminated.
Mono: successfully reloaded assembly
- Completed reload, in  1.231 seconds
Platform modules already initialized, skipping
Refreshing native plugins compatible for Editor in 0.39 ms, found 2 plugins.
Preloading 0 native plugins for Editor in 0.00 ms.
Unloading 1952 Unused Serialized files (Serialized files now loaded: 0)
System memory in use before: 200.2 MB.
System memory in use after: 200.3 MB.

Unloading 8 unused Assets to reduce memory usage. Loaded Objects now: 2452.
Total: 3.093856 ms (FindLiveObjects: 0.591366 ms CreateObjectMapping: 0.274470 ms MarkObjects: 2.205410 ms  DeleteObjects: 0.020628 ms)

========================================================================
Received Prepare
Registering precompiled user dll's ...
Registered in 0.002526 seconds.
Begin MonoManager ReloadAssembly
Native extension for WindowsStandalone target not found
Native extension for OSXStandalone target not found
Native extension for WebGL target not found
Refreshing native plugins compatible for Editor in 1.37 ms, found 2 plugins.
Preloading 0 native plugins for Editor in 0.00 ms.
Invoked RoslynAnalysisRunner static constructor.
RoslynAnalysisRunner will not be running.
RoslynAnalysisRunner has terminated.
Mono: successfully reloaded assembly
- Completed reload, in  1.393 seconds
Platform modules already initialized, skipping
Refreshing native plugins compatible for Editor in 0.40 ms, found 2 plugins.
Preloading 0 native plugins for Editor in 0.00 ms.
Unloading 1952 Unused Serialized files (Serialized files now loaded: 0)
System memory in use before: 200.7 MB.
System memory in use after: 200.8 MB.

Unloading 8 unused Assets to reduce memory usage. Loaded Objects now: 2455.
Total: 2.175632 ms (FindLiveObjects: 0.306556 ms CreateObjectMapping: 0.088623 ms MarkObjects: 1.747055 ms  DeleteObjects: 0.031853 ms)

========================================================================
Received Import Request.
  Time since last request: 2879.694125 seconds.
  path: Assets/Audio/Coin_Pickup.ogg
  artifactKey: Guid(58e233e225ac8af4eb5c1d9db6c6b6d2) Importer(815301076,1909f56bfc062723c751e8b465ee728b)
Start importing Assets/Audio/Coin_Pickup.ogg using Guid(58e233e225ac8af4eb5c1d9db6c6b6d2) Importer(815301076,1909f56bfc062723c751e8b465ee728b)  -> (artifact id: '406a01e2275e7242065d741d8a340672') in 0.686006 seconds
  Import took 0.693653 seconds .

========================================================================
Received Import Request.
  Time since last request: 121.109690 seconds.
  path: Assets/Animations/Player Run.anim
  artifactKey: Guid(9de4d9eff0cde4dfbaa3e45c287345c1) Importer(815301076,1909f56bfc062723c751e8b465ee728b)
Start importing Assets/Animations/Player Run.anim using Guid(9de4d9eff0cde4dfbaa3e45c287345c1) Importer(815301076,1909f56bfc062723c751e8b465ee728b)  -> (artifact id: '883f87f08ceea493992b5907bc154b19') in 0.405817 seconds
  Import took 0.412196 seconds .

========================================================================
Received Import Request.
  Time since last request: 43.817768 seconds.
  path: Assets/Animations/Player Climb.anim
  artifactKey: Guid(50472faccb61c430d8ca1224152211a9) Importer(815301076,1909f56bfc062723c751e8b465ee728b)
Start importing Assets/Animations/Player Climb.anim using Guid(50472faccb61c430d8ca1224152211a9) Importer(815301076,1909f56bfc062723c751e8b465ee728b)  -> (artifact id: '558571a6279bd67ebf7a1e786ba55f2b') in 0.011693 seconds
  Import took 0.023411 seconds .

