Using pre-set license

 COMMAND LINE ARGUMENTS:
/Applications/Unity/Hub/Editor/2020.2.2f1/Unity.app/Contents/MacOS/Unity
-adb2
-batchMode
-noUpm
-name
AssetImportWorker0
-projectPath
/Volumes/FAST SSD/grimaldic/game230/Platformer
-logFile
Logs/AssetImportWorker0.log
-srvPort
51378
Successfully changed project path to: /Volumes/FAST SSD/grimaldic/game230/Platformer
/Volumes/FAST SSD/grimaldic/game230/Platformer
Using Asset Import Pipeline V2.
Refreshing native plugins compatible for Editor in 45.85 ms, found 2 plugins.
Preloading 0 native plugins for Editor in 0.00 ms.
Initialize engine version: 2020.2.2f1 (068178b99f32)
[Subsystems] Discovering subsystems at path /Applications/Unity/Hub/Editor/2020.2.2f1/Unity.app/Contents/Resources/UnitySubsystems
[Subsystems] Discovering subsystems at path /Volumes/FAST SSD/grimaldic/game230/Platformer/Assets
GfxDevice: creating device client; threaded=0
2021-03-11 11:53:56.083 Unity[6766:414884] Color LCD preferred device: Intel(R) Iris(TM) Plus Graphics 655 (low power)
2021-03-11 11:53:56.083 Unity[6766:414884] Metal devices available: 1
2021-03-11 11:53:56.083 Unity[6766:414884] 0: Intel(R) Iris(TM) Plus Graphics 655 (low power)
2021-03-11 11:53:56.083 Unity[6766:414884] Using device Intel(R) Iris(TM) Plus Graphics 655 (low power)
Initializing Metal device caps: Intel(R) Iris(TM) Plus Graphics 655
Initialize mono
Mono path[0] = '/Applications/Unity/Hub/Editor/2020.2.2f1/Unity.app/Contents/Managed'
Mono path[1] = '/Applications/Unity/Hub/Editor/2020.2.2f1/Unity.app/Contents/MonoBleedingEdge/lib/mono/unityjit'
Mono config path = '/Applications/Unity/Hub/Editor/2020.2.2f1/Unity.app/Contents/MonoBleedingEdge/etc'
Using monoOptions --debugger-agent=transport=dt_socket,embedding=1,server=y,suspend=n,address=127.0.0.1:56766
Begin MonoManager ReloadAssembly
Registering precompiled unity dll's ...
Register platform support module: /Applications/Unity/Hub/Editor/2020.2.2f1/PlaybackEngines/WebGLSupport/UnityEditor.WebGL.Extensions.dll
Register platform support module: /Applications/Unity/Hub/Editor/2020.2.2f1/Unity.app/Contents/PlaybackEngines/MacStandaloneSupport/UnityEditor.OSXStandalone.Extensions.dll
Register platform support module: /Applications/Unity/Hub/Editor/2020.2.2f1/PlaybackEngines/WindowsStandaloneSupport/UnityEditor.WindowsStandalone.Extensions.dll
Registered in 0.005614 seconds.
Native extension for WindowsStandalone target not found
Native extension for OSXStandalone target not found
Native extension for WebGL target not found
Refreshing native plugins compatible for Editor in 38.19 ms, found 2 plugins.
Preloading 0 native plugins for Editor in 0.00 ms.
Invoked RoslynAnalysisRunner static constructor.
RoslynAnalysisRunner will not be running.
RoslynAnalysisRunner has terminated.
Mono: successfully reloaded assembly
- Completed reload, in  2.752 seconds
Platform modules already initialized, skipping
Registering precompiled user dll's ...
Registered in 0.001970 seconds.
Begin MonoManager ReloadAssembly
Native extension for WindowsStandalone target not found
Native extension for OSXStandalone target not found
Native extension for WebGL target not found
Refreshing native plugins compatible for Editor in 44.01 ms, found 2 plugins.
Preloading 0 native plugins for Editor in 0.00 ms.
Invoked RoslynAnalysisRunner static constructor.
RoslynAnalysisRunner will not be running.
RoslynAnalysisRunner has terminated.
Mono: successfully reloaded assembly
- Completed reload, in  1.486 seconds
Platform modules already initialized, skipping
========================================================================
Worker process is ready to serve import requests
Launching external process: /Applications/Unity/Hub/Editor/2020.2.2f1/Unity.app/Contents/Tools/UnityShaderCompiler
Launched and connected shader compiler UnityShaderCompiler after 0.02 seconds
Refreshing native plugins compatible for Editor in 0.43 ms, found 2 plugins.
Preloading 0 native plugins for Editor in 0.00 ms.
Unloading 1964 Unused Serialized files (Serialized files now loaded: 0)
System memory in use before: 152.4 MB.
System memory in use after: 152.5 MB.

Unloading 20 unused Assets to reduce memory usage. Loaded Objects now: 2410.
Total: 3.545951 ms (FindLiveObjects: 0.511514 ms CreateObjectMapping: 0.209363 ms MarkObjects: 2.755542 ms  DeleteObjects: 0.068018 ms)

========================================================================
Received Import Request.
  path: Assets/Animations/Player.controller
  artifactKey: Guid(21dc5891b461243bcbb8df82c152303e) Importer(815301076,1909f56bfc062723c751e8b465ee728b)
Start importing Assets/Animations/Player.controller using Guid(21dc5891b461243bcbb8df82c152303e) Importer(815301076,1909f56bfc062723c751e8b465ee728b)  -> (artifact id: '19dc01dc2ee6f0e5564e9ebbb926ce16') in 1.283204 seconds
  Import took 1.288574 seconds .

========================================================================
Received Import Request.
  Time since last request: 522.014247 seconds.
  path: Assets/Animations/State Driven Camera Blends.asset
  artifactKey: Guid(61c4ff5302f7b43b29c0446448929322) Importer(815301076,1909f56bfc062723c751e8b465ee728b)
Start importing Assets/Animations/State Driven Camera Blends.asset using Guid(61c4ff5302f7b43b29c0446448929322) Importer(815301076,1909f56bfc062723c751e8b465ee728b)  -> (artifact id: 'a3276badebe9ee76440761dafcd71c6c') in 0.365283 seconds
  Import took 0.383139 seconds .

========================================================================
Received Import Request.
  Time since last request: 1704.282239 seconds.
  path: Assets/Scenes/level 1.unity
  artifactKey: Guid(a5a54d005078849988be6784978d3005) Importer(815301076,1909f56bfc062723c751e8b465ee728b)
Start importing Assets/Scenes/level 1.unity using Guid(a5a54d005078849988be6784978d3005) Importer(815301076,1909f56bfc062723c751e8b465ee728b)  -> (artifact id: '21bfbe1ddc89ed80147e25a90243d5e4') in 0.007248 seconds
  Import took 0.017779 seconds .

========================================================================
Received Import Request.
  Time since last request: 246.995728 seconds.
  path: Assets/Scenes/level 2.unity
  artifactKey: Guid(923be9b03d3ba45b0847a00a7af8b596) Importer(815301076,1909f56bfc062723c751e8b465ee728b)
Start importing Assets/Scenes/level 2.unity using Guid(923be9b03d3ba45b0847a00a7af8b596) Importer(815301076,1909f56bfc062723c751e8b465ee728b)  -> (artifact id: '2a405633967efc86d2df2e71119e73e2') in 0.009713 seconds
  Import took 0.017069 seconds .

========================================================================
Received Prepare
Registering precompiled user dll's ...
Registered in 0.003248 seconds.
Begin MonoManager ReloadAssembly
Native extension for WindowsStandalone target not found
Native extension for OSXStandalone target not found
Native extension for WebGL target not found
Refreshing native plugins compatible for Editor in 0.50 ms, found 2 plugins.
Preloading 0 native plugins for Editor in 0.00 ms.
Invoked RoslynAnalysisRunner static constructor.
RoslynAnalysisRunner will not be running.
RoslynAnalysisRunner has terminated.
Mono: successfully reloaded assembly
- Completed reload, in  1.403 seconds
Platform modules already initialized, skipping
Refreshing native plugins compatible for Editor in 0.44 ms, found 2 plugins.
Preloading 0 native plugins for Editor in 0.00 ms.
Unloading 1952 Unused Serialized files (Serialized files now loaded: 0)
System memory in use before: 160.7 MB.
System memory in use after: 160.8 MB.

Unloading 8 unused Assets to reduce memory usage. Loaded Objects now: 2413.
Total: 2.815046 ms (FindLiveObjects: 0.360956 ms CreateObjectMapping: 0.121295 ms MarkObjects: 2.289646 ms  DeleteObjects: 0.041366 ms)

========================================================================
Received Import Request.
  Time since last request: 3591.554598 seconds.
  path: Assets/Scenes/level 2.unity
  artifactKey: Guid(923be9b03d3ba45b0847a00a7af8b596) Importer(815301076,1909f56bfc062723c751e8b465ee728b)
Start importing Assets/Scenes/level 2.unity using Guid(923be9b03d3ba45b0847a00a7af8b596) Importer(815301076,1909f56bfc062723c751e8b465ee728b)  -> (artifact id: '965c1d4c1c3d881a6a967d2b7e017312') in 0.057320 seconds
  Import took 0.062023 seconds .

